SF:lib\core\auth\data\repository\auth_repository_impl.dart
DA:21,1
DA:28,1
DA:31,3
DA:34,3
DA:35,2
DA:36,1
DA:37,1
DA:38,1
DA:39,1
DA:41,1
DA:42,1
DA:43,2
DA:44,1
DA:45,1
DA:51,3
DA:52,1
DA:53,1
DA:54,1
DA:55,1
DA:57,1
DA:58,1
DA:65,1
DA:69,3
DA:71,2
DA:72,1
DA:73,2
DA:74,1
DA:75,1
DA:76,1
DA:77,1
DA:79,1
DA:80,1
DA:81,2
DA:82,1
DA:83,1
DA:95,1
DA:100,3
DA:102,3
DA:107,3
DA:108,1
DA:109,1
DA:110,1
DA:111,1
DA:113,1
DA:114,1
DA:115,2
DA:116,1
DA:117,1
DA:129,1
DA:131,3
DA:132,1
DA:133,1
DA:142,1
DA:144,3
DA:146,1
DA:147,2
DA:148,1
DA:149,1
DA:155,0
DA:158,0
DA:159,0
DA:169,0
DA:172,0
DA:173,0
DA:174,0
DA:175,0
DA:180,0
DA:184,0
DA:185,0
LF:69
LH:58
end_of_record
SF:lib\core\errors\failures.dart
DA:7,19
DA:9,2
DA:11,2
DA:12,2
DA:13,2
DA:20,3
DA:23,3
DA:30,2
DA:33,2
DA:40,19
DA:43,1
DA:50,16
DA:53,0
DA:60,17
DA:63,1
DA:72,22
LF:16
LH:15
end_of_record
SF:lib\core\auth\data\datasources\auth_local_data_source.dart
DA:17,1
DA:22,1
DA:27,3
DA:35,2
DA:40,1
DA:46,1
DA:48,3
DA:49,1
DA:53,0
DA:54,0
DA:55,0
DA:60,0
DA:63,0
LF:13
LH:8
end_of_record
SF:lib\core\auth\data\datasources\auth_remote_data_source.dart
DA:37,1
DA:43,1
DA:47,2
DA:48,1
DA:49,1
DA:50,1
DA:51,3
DA:52,3
DA:54,1
DA:55,1
DA:57,1
DA:58,1
DA:63,1
DA:65,2
DA:66,1
DA:70,4
DA:71,2
DA:72,1
DA:73,1
DA:74,1
DA:75,3
DA:76,3
DA:81,1
DA:86,2
DA:87,1
DA:91,4
DA:92,2
DA:93,1
DA:94,1
DA:95,2
DA:100,1
DA:107,1
DA:109,2
DA:111,1
DA:112,1
DA:114,1
DA:119,1
DA:120,3
DA:125,0
DA:127,0
DA:130,0
DA:131,0
DA:132,0
DA:133,0
DA:134,0
DA:135,0
DA:138,0
LF:47
LH:38
end_of_record
SF:lib\core\auth\data\models\storayge_user_model.g.dart
DA:13,0
DA:15,0
DA:16,0
DA:17,0
DA:19,0
DA:20,0
DA:21,0
DA:22,0
DA:26,0
DA:29,0
DA:30,0
DA:31,0
DA:32,0
DA:33,0
DA:34,0
DA:35,0
DA:38,0
DA:39,0
DA:41,0
DA:44,0
DA:45,0
DA:46,0
LF:22
LH:0
end_of_record
SF:lib\core\auth\data\models\storayge_user_model.dart
DA:9,4
DA:13,4
DA:19,2
DA:20,2
DA:21,2
DA:22,2
DA:23,2
DA:27,1
DA:28,1
DA:29,1
DA:30,1
DA:31,1
LF:12
LH:12
end_of_record
SF:lib\core\auth\domain\entities\storayge_user.dart
DA:12,18
DA:18,4
DA:19,16
LF:3
LH:3
end_of_record
SF:lib\core\auth\domain\usecases\get_storayge_userdata_from_remote.dart
DA:13,1
DA:16,1
DA:17,3
LF:3
LH:3
end_of_record
SF:lib\core\auth\domain\usecases\get_uid.dart
DA:9,1
DA:11,1
DA:13,2
LF:3
LH:3
end_of_record
SF:lib\core\auth\domain\usecases\login_with_email_and_password.dart
DA:12,1
DA:15,1
DA:16,2
DA:17,2
LF:4
LH:4
end_of_record
SF:lib\core\auth\domain\usecases\register_with_email_and_password.dart
DA:13,1
DA:15,1
DA:17,2
DA:18,1
DA:19,1
DA:20,1
LF:6
LH:6
end_of_record
SF:lib\core\network\network_info.dart
DA:12,1
DA:14,1
DA:15,2
LF:3
LH:3
end_of_record
SF:lib\core\usecases\params.dart
DA:9,2
DA:11,1
DA:12,3
DA:18,2
DA:20,1
DA:21,2
DA:29,1
DA:35,0
DA:36,0
DA:45,0
DA:49,0
DA:50,0
DA:58,1
DA:64,0
DA:65,0
LF:15
LH:8
end_of_record
SF:lib\core\usecases\usecase.dart
DA:11,0
DA:12,0
LF:2
LH:0
end_of_record
SF:lib\features\cabinet\data\models\shelf_model.dart
DA:8,4
DA:16,4
DA:26,2
DA:27,2
DA:28,2
DA:29,2
DA:30,2
DA:31,2
DA:32,2
DA:33,2
DA:34,2
DA:38,1
DA:39,1
DA:40,1
DA:41,1
DA:42,1
DA:43,1
DA:44,1
LF:18
LH:18
end_of_record
SF:lib\features\cabinet\data\models\shelf_model.g.dart
DA:13,0
DA:15,0
DA:16,0
DA:17,0
DA:19,0
DA:20,0
DA:21,0
DA:22,0
DA:23,0
DA:24,0
DA:25,0
DA:26,0
DA:30,0
DA:33,0
DA:34,0
DA:35,0
DA:36,0
DA:37,0
DA:38,0
DA:39,0
DA:40,0
DA:41,0
DA:42,0
DA:43,0
DA:44,0
DA:45,0
DA:46,0
DA:47,0
DA:50,0
DA:51,0
DA:53,0
DA:56,0
DA:57,0
DA:58,0
LF:34
LH:0
end_of_record
SF:lib\features\cabinet\domain\entities\shelf.dart
DA:20,5
DA:30,3
DA:31,3
DA:32,3
DA:33,3
DA:34,3
DA:35,3
DA:36,3
DA:37,3
DA:38,3
LF:10
LH:10
end_of_record
SF:lib\core\auth\auth_cubit\auth_state.dart
DA:4,17
DA:6,1
DA:7,1
DA:15,17
DA:21,1
DA:25,1
DA:26,2
DA:32,0
DA:38,0
DA:50,17
DA:55,1
DA:56,2
DA:63,16
DA:68,0
DA:69,0
LF:15
LH:11
end_of_record
SF:lib\core\auth\auth_cubit\auth_cubit.dart
DA:21,1
DA:26,2
DA:28,1
DA:29,1
DA:32,4
DA:33,1
DA:34,1
DA:35,2
DA:36,1
DA:37,1
DA:39,2
DA:43,0
DA:49,0
DA:53,0
DA:55,0
DA:60,0
DA:61,0
DA:62,0
DA:63,0
DA:65,0
DA:68,0
DA:73,1
DA:77,1
DA:80,4
DA:84,2
DA:85,2
DA:86,1
DA:87,1
DA:89,2
DA:93,0
DA:95,0
DA:98,0
DA:99,0
DA:100,0
DA:101,0
DA:102,0
DA:104,0
DA:107,0
DA:109,0
DA:111,0
DA:112,0
DA:113,0
DA:114,0
DA:119,0
DA:121,0
DA:124,0
DA:125,0
DA:126,0
DA:127,0
DA:128,0
DA:133,0
DA:134,0
LF:52
LH:19
end_of_record
SF:lib\core\auth\domain\usecases\sign_out.dart
DA:9,1
DA:11,1
DA:13,2
LF:3
LH:3
end_of_record
SF:lib\features\cabinet\data\datasources\cabinet_local_datasource.dart
DA:15,1
DA:20,1
DA:21,3
DA:23,2
DA:28,1
DA:33,1
DA:34,3
DA:36,3
LF:8
LH:8
end_of_record
SF:lib\features\cabinet\data\datasources\cabinet_remote_datasource.dart
DA:21,1
DA:26,1
DA:30,2
DA:31,1
DA:32,1
DA:33,1
DA:34,1
DA:35,1
DA:36,3
DA:37,2
DA:39,1
DA:46,0
DA:57,0
DA:61,0
DA:62,0
DA:63,0
DA:64,0
DA:65,0
DA:66,0
DA:67,0
DA:68,0
DA:69,0
DA:70,0
DA:71,0
DA:72,0
DA:73,0
LF:26
LH:11
end_of_record
SF:lib\features\cabinet\data\repository\cabinet_repository_impl.dart
DA:17,1
DA:24,1
DA:28,3
DA:30,3
DA:34,1
DA:35,1
DA:36,1
DA:37,1
DA:38,1
DA:39,1
DA:40,1
DA:41,1
DA:42,3
DA:43,1
DA:44,1
DA:45,2
DA:46,1
DA:47,1
DA:49,0
DA:56,3
DA:57,1
DA:58,1
DA:59,1
DA:60,1
DA:61,1
DA:62,1
DA:63,1
DA:64,1
DA:66,1
DA:67,1
DA:74,0
DA:79,0
DA:80,0
DA:81,0
DA:82,0
DA:83,0
DA:84,0
DA:85,0
DA:86,0
DA:88,0
DA:91,0
DA:94,0
LF:42
LH:29
end_of_record
SF:lib\features\cabinet\domain\usecases\get_shelf.dart
DA:11,1
DA:13,1
DA:15,2
DA:16,1
DA:17,1
LF:5
LH:5
end_of_record
